-- Attaching packages --------------------------------------- tidyverse 1.3.1 --
v ggplot2 3.3.3     v purrr   0.3.4
v tibble  3.1.0     v dplyr   1.0.6
v tidyr   1.1.3     v stringr 1.4.0
v readr   1.4.0     v forcats 0.5.1
-- Conflicts ------------------------------------------ tidyverse_conflicts() --
x dplyr::filter() masks stats::filter()
x dplyr::lag()    masks stats::lag()

Attaching package: 'dbplyr'

The following objects are masked from 'package:dplyr':

    ident, sql


Attaching package: 'janitor'

The following objects are masked from 'package:stats':

    chisq.test, fisher.test


Attaching package: 'plotly'

The following object is masked from 'package:ggplot2':

    last_plot

The following object is masked from 'package:stats':

    filter

The following object is masked from 'package:graphics':

    layout

-- Attaching packages -------------------------------------- tidymodels 0.1.3 --
v broom        0.7.6      v rsample      0.1.0 
v dials        0.0.9      v tune         0.1.5 
v infer        0.5.4      v workflows    0.2.2 
v modeldata    0.1.0      v workflowsets 0.0.2 
v parsnip      0.1.5      v yardstick    0.0.8 
v recipes      0.1.16     
-- Conflicts ----------------------------------------- tidymodels_conflicts() --
x scales::discard() masks purrr::discard()
x plotly::filter()  masks dplyr::filter(), stats::filter()
x recipes::fixed()  masks stringr::fixed()
x dbplyr::ident()   masks dplyr::ident()
x dplyr::lag()      masks stats::lag()
x yardstick::spec() masks readr::spec()
x dbplyr::sql()     masks dplyr::sql()
x recipes::step()   masks stats::step()
* Use tidymodels_prefer() to resolve common conflicts.

Attaching package: 'lubridate'

The following objects are masked from 'package:base':

    date, intersect, setdiff, union

Loading required package: gsubfn
Loading required package: proto
Loading required package: RSQLite
Error: nanodbc/nanodbc.cpp:1021: 01S00: [Microsoft][ODBC SQL Server Driver]Login timeout expired  [Microsoft][ODBC SQL Server Driver]Invalid connection string attribute 
In addition: There were 20 warnings (use warnings() to see them)
Execution halted
-- Attaching packages --------------------------------------- tidyverse 1.3.1 --
v ggplot2 3.3.3     v purrr   0.3.4
v tibble  3.1.0     v dplyr   1.0.6
v tidyr   1.1.3     v stringr 1.4.0
v readr   1.4.0     v forcats 0.5.1
-- Conflicts ------------------------------------------ tidyverse_conflicts() --
x dplyr::filter() masks stats::filter()
x dplyr::lag()    masks stats::lag()

Attaching package: 'dbplyr'

The following objects are masked from 'package:dplyr':

    ident, sql


Attaching package: 'janitor'

The following objects are masked from 'package:stats':

    chisq.test, fisher.test


Attaching package: 'plotly'

The following object is masked from 'package:ggplot2':

    last_plot

The following object is masked from 'package:stats':

    filter

The following object is masked from 'package:graphics':

    layout

-- Attaching packages -------------------------------------- tidymodels 0.1.3 --
v broom        0.7.6      v rsample      0.1.0 
v dials        0.0.9      v tune         0.1.5 
v infer        0.5.4      v workflows    0.2.2 
v modeldata    0.1.0      v workflowsets 0.0.2 
v parsnip      0.1.5      v yardstick    0.0.8 
v recipes      0.1.16     
-- Conflicts ----------------------------------------- tidymodels_conflicts() --
x scales::discard() masks purrr::discard()
x plotly::filter()  masks dplyr::filter(), stats::filter()
x recipes::fixed()  masks stringr::fixed()
x dbplyr::ident()   masks dplyr::ident()
x dplyr::lag()      masks stats::lag()
x yardstick::spec() masks readr::spec()
x dbplyr::sql()     masks dplyr::sql()
x recipes::step()   masks stats::step()
* Use tidymodels_prefer() to resolve common conflicts.

Attaching package: 'lubridate'

The following objects are masked from 'package:base':

    date, intersect, setdiff, union

Loading required package: gsubfn
Loading required package: proto
Loading required package: RSQLite

Attaching package: 'zoo'

The following objects are masked from 'package:base':

    as.Date, as.Date.numeric

There were 21 warnings (use warnings() to see them)

-- Column specification --------------------------------------------------------
cols(
  .default = col_double(),
  description = col_character(),
  report_index_id = col_character(),
  salesforce_account_id = col_character(),
  opportunity_id = col_character(),
  unique_id_hint = col_character(),
  document_id = col_character(),
  id = col_character(),
  pull_date = col_datetime(format = ""),
  attributes_generation_date_time = col_character(),
  attributes_generated_for_member = col_character(),
  attributes_master_score_key_factor_1 = col_character(),
  attributes_master_score_key_factor_2 = col_character(),
  attributes_master_score_key_factor_3 = col_character(),
  attributes_primary_equipment_type_code = col_character(),
  attributes_primary_equipment_type_desc = col_character(),
  attributes_oldest_contract_start_date = col_date(format = ""),
  attributes_most_recent_past_due_0130_date = col_date(format = ""),
  attributes_most_recent_past_due_3160_date = col_date(format = ""),
  attributes_most_recent_past_due_6190_date = col_date(format = ""),
  attributes_most_recent_past_due_91_plus_date = col_date(format = "")
  # ... with 24 more columns
)
i Use `spec()` for the full column specifications.


-- Column specification --------------------------------------------------------
cols(
  .default = col_double(),
  description = col_character(),
  report_index_id.x = col_character(),
  salesforce_account_id = col_character(),
  opportunity_id = col_character(),
  unique_id_hint = col_character(),
  document_id = col_character(),
  pull_date = col_datetime(format = ""),
  report_index_id.y = col_character()
)
i Use `spec()` for the full column specifications.


-- Column specification --------------------------------------------------------
cols(
  .default = col_double(),
  description = col_character(),
  report_index_id = col_character(),
  salesforce_account_id = col_character(),
  opportunity_id = col_character(),
  unique_id_hint = col_character(),
  document_id = col_character(),
  id = col_character(),
  pull_date = col_datetime(format = "")
)
i Use `spec()` for the full column specifications.


-- Column specification --------------------------------------------------------
cols(
  .default = col_double(),
  description = col_character(),
  report_index_id = col_character(),
  salesforce_account_id = col_character(),
  opportunity_id = col_character(),
  unique_id_hint = col_character(),
  document_id = col_character(),
  id = col_character(),
  pull_date = col_datetime(format = ""),
  attributes_firm_sic_code = col_character(),
  attributes_bankruptcy_chapter = col_character(),
  attributes_lien_type = col_character(),
  attributes_judgment_type = col_character(),
  attributes_input_addr_type = col_character(),
  attributes_sbfe_legal_structure = col_character()
)
i Use `spec()` for the full column specifications.


-- Column specification --------------------------------------------------------
cols(
  .default = col_double(),
  description = col_character(),
  report_index_id = col_character(),
  salesforce_account_id = col_character(),
  opportunity_id = col_character(),
  unique_id_hint = col_character(),
  document_id = col_character(),
  id = col_character(),
  pull_date = col_datetime(format = ""),
  attributes_firm_sic_code = col_character(),
  attributes_bankruptcy_chapter = col_character(),
  attributes_lien_type = col_character(),
  attributes_judgment_type = col_character(),
  attributes_input_addr_type = col_character(),
  attributes_sbfe_legal_structure = col_character()
)
i Use `spec()` for the full column specifications.

-- Attaching packages --------------------------------------- tidyverse 1.3.1 --
v ggplot2 3.3.3     v purrr   0.3.4
v tibble  3.1.0     v dplyr   1.0.6
v tidyr   1.1.3     v stringr 1.4.0
v readr   1.4.0     v forcats 0.5.1
-- Conflicts ------------------------------------------ tidyverse_conflicts() --
x dplyr::filter() masks stats::filter()
x dplyr::lag()    masks stats::lag()

Attaching package: 'dbplyr'

The following objects are masked from 'package:dplyr':

    ident, sql


Attaching package: 'janitor'

The following objects are masked from 'package:stats':

    chisq.test, fisher.test


Attaching package: 'plotly'

The following object is masked from 'package:ggplot2':

    last_plot

The following object is masked from 'package:stats':

    filter

The following object is masked from 'package:graphics':

    layout

-- Attaching packages -------------------------------------- tidymodels 0.1.3 --
v broom        0.7.6      v rsample      0.1.0 
v dials        0.0.9      v tune         0.1.5 
v infer        0.5.4      v workflows    0.2.2 
v modeldata    0.1.0      v workflowsets 0.0.2 
v parsnip      0.1.5      v yardstick    0.0.8 
v recipes      0.1.16     
-- Conflicts ----------------------------------------- tidymodels_conflicts() --
x scales::discard() masks purrr::discard()
x plotly::filter()  masks dplyr::filter(), stats::filter()
x recipes::fixed()  masks stringr::fixed()
x dbplyr::ident()   masks dplyr::ident()
x dplyr::lag()      masks stats::lag()
x yardstick::spec() masks readr::spec()
x dbplyr::sql()     masks dplyr::sql()
x recipes::step()   masks stats::step()
* Use tidymodels_prefer() to resolve common conflicts.

Attaching package: 'lubridate'

The following objects are masked from 'package:base':

    date, intersect, setdiff, union

Loading required package: gsubfn
Loading required package: proto
Loading required package: RSQLite

Attaching package: 'zoo'

The following objects are masked from 'package:base':

    as.Date, as.Date.numeric

There were 21 warnings (use warnings() to see them)

-- Column specification --------------------------------------------------------
cols(
  .default = col_double(),
  description = col_character(),
  report_index_id = col_character(),
  salesforce_account_id = col_character(),
  opportunity_id = col_character(),
  unique_id_hint = col_character(),
  document_id = col_character(),
  id = col_character(),
  pull_date = col_datetime(format = ""),
  attributes_generation_date_time = col_character(),
  attributes_generated_for_member = col_character(),
  attributes_master_score_key_factor_1 = col_character(),
  attributes_master_score_key_factor_2 = col_character(),
  attributes_master_score_key_factor_3 = col_character(),
  attributes_primary_equipment_type_code = col_character(),
  attributes_primary_equipment_type_desc = col_character(),
  attributes_oldest_contract_start_date = col_date(format = ""),
  attributes_most_recent_past_due_0130_date = col_date(format = ""),
  attributes_most_recent_past_due_3160_date = col_date(format = ""),
  attributes_most_recent_past_due_6190_date = col_date(format = ""),
  attributes_most_recent_past_due_91_plus_date = col_date(format = "")
  # ... with 24 more columns
)
i Use `spec()` for the full column specifications.


-- Column specification --------------------------------------------------------
cols(
  .default = col_double(),
  description = col_character(),
  report_index_id.x = col_character(),
  salesforce_account_id = col_character(),
  opportunity_id = col_character(),
  unique_id_hint = col_character(),
  document_id = col_character(),
  pull_date = col_datetime(format = ""),
  report_index_id.y = col_character()
)
i Use `spec()` for the full column specifications.


-- Column specification --------------------------------------------------------
cols(
  .default = col_double(),
  description = col_character(),
  report_index_id = col_character(),
  salesforce_account_id = col_character(),
  opportunity_id = col_character(),
  unique_id_hint = col_character(),
  document_id = col_character(),
  id = col_character(),
  pull_date = col_datetime(format = "")
)
i Use `spec()` for the full column specifications.


-- Column specification --------------------------------------------------------
cols(
  .default = col_double(),
  description = col_character(),
  report_index_id = col_character(),
  salesforce_account_id = col_character(),
  opportunity_id = col_character(),
  unique_id_hint = col_character(),
  document_id = col_character(),
  id = col_character(),
  pull_date = col_datetime(format = ""),
  attributes_firm_sic_code = col_character(),
  attributes_bankruptcy_chapter = col_character(),
  attributes_lien_type = col_character(),
  attributes_judgment_type = col_character(),
  attributes_input_addr_type = col_character(),
  attributes_sbfe_legal_structure = col_character()
)
i Use `spec()` for the full column specifications.


-- Column specification --------------------------------------------------------
cols(
  .default = col_double(),
  description = col_character(),
  report_index_id = col_character(),
  salesforce_account_id = col_character(),
  opportunity_id = col_character(),
  unique_id_hint = col_character(),
  document_id = col_character(),
  id = col_character(),
  pull_date = col_datetime(format = ""),
  attributes_firm_sic_code = col_character(),
  attributes_bankruptcy_chapter = col_character(),
  attributes_lien_type = col_character(),
  attributes_judgment_type = col_character(),
  attributes_input_addr_type = col_character(),
  attributes_sbfe_legal_structure = col_character()
)
i Use `spec()` for the full column specifications.

-- Attaching packages --------------------------------------- tidyverse 1.3.1 --
v ggplot2 3.3.3     v purrr   0.3.4
v tibble  3.1.0     v dplyr   1.0.6
v tidyr   1.1.3     v stringr 1.4.0
v readr   1.4.0     v forcats 0.5.1
-- Conflicts ------------------------------------------ tidyverse_conflicts() --
x dplyr::filter() masks stats::filter()
x dplyr::lag()    masks stats::lag()

Attaching package: 'dbplyr'

The following objects are masked from 'package:dplyr':

    ident, sql


Attaching package: 'janitor'

The following objects are masked from 'package:stats':

    chisq.test, fisher.test


Attaching package: 'plotly'

The following object is masked from 'package:ggplot2':

    last_plot

The following object is masked from 'package:stats':

    filter

The following object is masked from 'package:graphics':

    layout

-- Attaching packages -------------------------------------- tidymodels 0.1.3 --
v broom        0.7.6      v rsample      0.1.0 
v dials        0.0.9      v tune         0.1.5 
v infer        0.5.4      v workflows    0.2.2 
v modeldata    0.1.0      v workflowsets 0.0.2 
v parsnip      0.1.5      v yardstick    0.0.8 
v recipes      0.1.16     
-- Conflicts ----------------------------------------- tidymodels_conflicts() --
x scales::discard() masks purrr::discard()
x plotly::filter()  masks dplyr::filter(), stats::filter()
x recipes::fixed()  masks stringr::fixed()
x dbplyr::ident()   masks dplyr::ident()
x dplyr::lag()      masks stats::lag()
x yardstick::spec() masks readr::spec()
x dbplyr::sql()     masks dplyr::sql()
x recipes::step()   masks stats::step()
* Use tidymodels_prefer() to resolve common conflicts.

Attaching package: 'lubridate'

The following objects are masked from 'package:base':

    date, intersect, setdiff, union

Loading required package: gsubfn
Loading required package: proto
Loading required package: RSQLite

Attaching package: 'zoo'

The following objects are masked from 'package:base':

    as.Date, as.Date.numeric

There were 21 warnings (use warnings() to see them)

-- Column specification --------------------------------------------------------
cols(
  .default = col_double(),
  description = col_character(),
  report_index_id = col_character(),
  salesforce_account_id = col_character(),
  opportunity_id = col_character(),
  unique_id_hint = col_character(),
  document_id = col_character(),
  id = col_character(),
  pull_date = col_datetime(format = ""),
  attributes_generation_date_time = col_character(),
  attributes_generated_for_member = col_character(),
  attributes_master_score_key_factor_1 = col_character(),
  attributes_master_score_key_factor_2 = col_character(),
  attributes_master_score_key_factor_3 = col_character(),
  attributes_primary_equipment_type_code = col_character(),
  attributes_primary_equipment_type_desc = col_character(),
  attributes_oldest_contract_start_date = col_date(format = ""),
  attributes_most_recent_past_due_0130_date = col_date(format = ""),
  attributes_most_recent_past_due_3160_date = col_date(format = ""),
  attributes_most_recent_past_due_6190_date = col_date(format = ""),
  attributes_most_recent_past_due_91_plus_date = col_date(format = "")
  # ... with 24 more columns
)
i Use `spec()` for the full column specifications.


-- Column specification --------------------------------------------------------
cols(
  .default = col_double(),
  description = col_character(),
  report_index_id.x = col_character(),
  salesforce_account_id = col_character(),
  opportunity_id = col_character(),
  unique_id_hint = col_character(),
  document_id = col_character(),
  pull_date = col_datetime(format = ""),
  report_index_id.y = col_character()
)
i Use `spec()` for the full column specifications.


-- Column specification --------------------------------------------------------
cols(
  .default = col_double(),
  description = col_character(),
  report_index_id = col_character(),
  salesforce_account_id = col_character(),
  opportunity_id = col_character(),
  unique_id_hint = col_character(),
  document_id = col_character(),
  id = col_character(),
  pull_date = col_datetime(format = "")
)
i Use `spec()` for the full column specifications.


-- Column specification --------------------------------------------------------
cols(
  .default = col_double(),
  description = col_character(),
  report_index_id = col_character(),
  salesforce_account_id = col_character(),
  opportunity_id = col_character(),
  unique_id_hint = col_character(),
  document_id = col_character(),
  id = col_character(),
  pull_date = col_datetime(format = ""),
  attributes_firm_sic_code = col_character(),
  attributes_bankruptcy_chapter = col_character(),
  attributes_lien_type = col_character(),
  attributes_judgment_type = col_character(),
  attributes_input_addr_type = col_character(),
  attributes_sbfe_legal_structure = col_character()
)
i Use `spec()` for the full column specifications.


-- Column specification --------------------------------------------------------
cols(
  .default = col_double(),
  description = col_character(),
  report_index_id = col_character(),
  salesforce_account_id = col_character(),
  opportunity_id = col_character(),
  unique_id_hint = col_character(),
  document_id = col_character(),
  id = col_character(),
  pull_date = col_datetime(format = ""),
  attributes_bankruptcy_chapter = col_character(),
  attributes_lien_type = col_character(),
  attributes_judgment_type = col_character(),
  attributes_input_addr_type = col_character(),
  attributes_sbfe_legal_structure = col_character()
)
i Use `spec()` for the full column specifications.

[1] "The Bureau Attributes have been updated at  2021-05-26 23:13:15"
-- Attaching packages --------------------------------------- tidyverse 1.3.1 --
v ggplot2 3.3.3     v purrr   0.3.4
v tibble  3.1.0     v dplyr   1.0.6
v tidyr   1.1.3     v stringr 1.4.0
v readr   1.4.0     v forcats 0.5.1
-- Conflicts ------------------------------------------ tidyverse_conflicts() --
x dplyr::filter() masks stats::filter()
x dplyr::lag()    masks stats::lag()

Attaching package: 'dbplyr'

The following objects are masked from 'package:dplyr':

    ident, sql


Attaching package: 'janitor'

The following objects are masked from 'package:stats':

    chisq.test, fisher.test


Attaching package: 'plotly'

The following object is masked from 'package:ggplot2':

    last_plot

The following object is masked from 'package:stats':

    filter

The following object is masked from 'package:graphics':

    layout

-- Attaching packages -------------------------------------- tidymodels 0.1.3 --
v broom        0.7.6      v rsample      0.1.0 
v dials        0.0.9      v tune         0.1.5 
v infer        0.5.4      v workflows    0.2.2 
v modeldata    0.1.0      v workflowsets 0.0.2 
v parsnip      0.1.5      v yardstick    0.0.8 
v recipes      0.1.16     
-- Conflicts ----------------------------------------- tidymodels_conflicts() --
x scales::discard() masks purrr::discard()
x plotly::filter()  masks dplyr::filter(), stats::filter()
x recipes::fixed()  masks stringr::fixed()
x dbplyr::ident()   masks dplyr::ident()
x dplyr::lag()      masks stats::lag()
x yardstick::spec() masks readr::spec()
x dbplyr::sql()     masks dplyr::sql()
x recipes::step()   masks stats::step()
* Use tidymodels_prefer() to resolve common conflicts.

Attaching package: 'lubridate'

The following objects are masked from 'package:base':

    date, intersect, setdiff, union

Loading required package: gsubfn
Loading required package: proto
Loading required package: RSQLite

Attaching package: 'zoo'

The following objects are masked from 'package:base':

    as.Date, as.Date.numeric

There were 21 warnings (use warnings() to see them)

-- Column specification --------------------------------------------------------
cols(
  .default = col_double(),
  description = col_character(),
  report_index_id = col_character(),
  salesforce_account_id = col_character(),
  opportunity_id = col_character(),
  unique_id_hint = col_character(),
  document_id = col_character(),
  id = col_character(),
  pull_date = col_datetime(format = ""),
  attributes_generation_date_time = col_character(),
  attributes_generated_for_member = col_character(),
  attributes_master_score_key_factor_1 = col_character(),
  attributes_master_score_key_factor_2 = col_character(),
  attributes_master_score_key_factor_3 = col_character(),
  attributes_primary_equipment_type_code = col_character(),
  attributes_primary_equipment_type_desc = col_character(),
  attributes_oldest_contract_start_date = col_date(format = ""),
  attributes_most_recent_past_due_0130_date = col_date(format = ""),
  attributes_most_recent_past_due_3160_date = col_date(format = ""),
  attributes_most_recent_past_due_6190_date = col_date(format = ""),
  attributes_most_recent_past_due_91_plus_date = col_date(format = "")
  # ... with 24 more columns
)
i Use `spec()` for the full column specifications.


-- Column specification --------------------------------------------------------
cols(
  .default = col_double(),
  description = col_character(),
  report_index_id.x = col_character(),
  salesforce_account_id = col_character(),
  opportunity_id = col_character(),
  unique_id_hint = col_character(),
  document_id = col_character(),
  pull_date = col_datetime(format = ""),
  report_index_id.y = col_character()
)
i Use `spec()` for the full column specifications.


-- Column specification --------------------------------------------------------
cols(
  .default = col_double(),
  description = col_character(),
  report_index_id = col_character(),
  salesforce_account_id = col_character(),
  opportunity_id = col_character(),
  unique_id_hint = col_character(),
  document_id = col_character(),
  id = col_character(),
  pull_date = col_datetime(format = "")
)
i Use `spec()` for the full column specifications.


-- Column specification --------------------------------------------------------
cols(
  .default = col_double(),
  description = col_character(),
  report_index_id = col_character(),
  salesforce_account_id = col_character(),
  opportunity_id = col_character(),
  unique_id_hint = col_character(),
  document_id = col_character(),
  id = col_character(),
  pull_date = col_datetime(format = ""),
  attributes_firm_sic_code = col_character(),
  attributes_bankruptcy_chapter = col_character(),
  attributes_lien_type = col_character(),
  attributes_judgment_type = col_character(),
  attributes_input_addr_type = col_character(),
  attributes_sbfe_legal_structure = col_character()
)
i Use `spec()` for the full column specifications.


-- Column specification --------------------------------------------------------
cols(
  .default = col_double(),
  description = col_character(),
  report_index_id = col_character(),
  salesforce_account_id = col_character(),
  opportunity_id = col_character(),
  document_id = col_character(),
  id = col_character(),
  pull_date = col_datetime(format = ""),
  attributes_firm_sic_code = col_character(),
  attributes_bankruptcy_chapter = col_character(),
  attributes_lien_type = col_character(),
  attributes_judgment_type = col_character(),
  attributes_input_addr_type = col_character(),
  attributes_sbfe_legal_structure = col_character()
)
i Use `spec()` for the full column specifications.

[1] "The Bureau Attributes have been updated at  2021-05-27 23:14:26"
